2026-06-02 11:16:25,698  INFO      ============================================================
2026-06-02 11:16:25,698  INFO      PRODUCTION SUGARCANE TRAINING — PolygonGroupKFold
2026-06-02 11:16:25,698  INFO      ============================================================
2026-06-02 11:16:25,802  INFO      Loaded features: (400, 1848)
2026-06-02 11:16:25,826  INFO      X=(400, 1798)  y(pos)=200  y(neg)=200  unique groups=400
2026-06-02 11:16:25,827  INFO      ✓  Geography audit clean: no lat/lon/state/district/plot_id/source_file in features.
2026-06-02 11:16:25,829  INFO      ✓  Class balance: pos_ratio=50.0%  (target ~50%)
2026-06-02 11:16:25,833  INFO      
── Baseline CV evaluation ─────────────────────────
2026-06-02 11:16:25,834  INFO      
[RF]
2026-06-02 11:16:26,312  INFO        [rf] fold 0 | F1_macro=0.975  Kappa=0.950  AUC=0.997  n_val=80
2026-06-02 11:16:26,762  INFO        [rf] fold 1 | F1_macro=0.975  Kappa=0.950  AUC=0.980  n_val=80
2026-06-02 11:16:27,163  INFO        [rf] fold 2 | F1_macro=0.962  Kappa=0.925  AUC=0.973  n_val=80
2026-06-02 11:16:27,597  INFO        [rf] fold 3 | F1_macro=0.950  Kappa=0.900  AUC=0.991  n_val=80
2026-06-02 11:16:28,042  INFO        [rf] fold 4 | F1_macro=0.975  Kappa=0.950  AUC=0.994  n_val=80
2026-06-02 11:16:28,049  INFO        AGG: F1_macro=0.967±0.010  Kappa=0.935  AUC=0.987
2026-06-02 11:16:28,049  INFO      
[XGB]
2026-06-02 11:16:31,979  INFO        [xgb] fold 0 | F1_macro=0.950  Kappa=0.900  AUC=0.996  n_val=80
2026-06-02 11:16:35,473  INFO        [xgb] fold 1 | F1_macro=0.975  Kappa=0.950  AUC=0.981  n_val=80
2026-06-02 11:16:38,736  INFO        [xgb] fold 2 | F1_macro=0.975  Kappa=0.950  AUC=0.976  n_val=80
2026-06-02 11:16:42,093  INFO        [xgb] fold 3 | F1_macro=0.950  Kappa=0.900  AUC=0.998  n_val=80
2026-06-02 11:16:45,439  INFO        [xgb] fold 4 | F1_macro=0.975  Kappa=0.950  AUC=0.999  n_val=80
2026-06-02 11:16:45,445  INFO      Youden threshold 0.8080 is too strict. Capping at 0.6000 to detect young sugarcane.
2026-06-02 11:16:45,447  INFO        AGG: F1_macro=0.965±0.012  Kappa=0.930  AUC=0.990
2026-06-02 11:16:45,447  INFO      
[LGB]
2026-06-02 11:16:46,813  INFO        [lgb] fold 0 | F1_macro=0.950  Kappa=0.900  AUC=0.997  n_val=80
2026-06-02 11:16:48,152  INFO        [lgb] fold 1 | F1_macro=0.987  Kappa=0.975  AUC=0.981  n_val=80
2026-06-02 11:16:49,465  INFO        [lgb] fold 2 | F1_macro=0.987  Kappa=0.975  AUC=0.979  n_val=80
2026-06-02 11:16:50,759  INFO        [lgb] fold 3 | F1_macro=0.950  Kappa=0.900  AUC=0.994  n_val=80
2026-06-02 11:16:52,028  INFO        [lgb] fold 4 | F1_macro=0.975  Kappa=0.950  AUC=0.999  n_val=80
2026-06-02 11:16:52,036  INFO        AGG: F1_macro=0.970±0.017  Kappa=0.940  AUC=0.990
2026-06-02 11:16:52,036  INFO      
[STACK]
2026-06-02 11:17:08,283  INFO        [stack] fold 0 | F1_macro=0.950  Kappa=0.900  AUC=0.997  n_val=80
2026-06-02 11:17:23,519  INFO        [stack] fold 1 | F1_macro=0.987  Kappa=0.975  AUC=0.981  n_val=80
2026-06-02 11:17:38,248  INFO        [stack] fold 2 | F1_macro=0.987  Kappa=0.975  AUC=0.976  n_val=80
2026-06-02 11:17:51,581  INFO        [stack] fold 3 | F1_macro=0.950  Kappa=0.900  AUC=0.998  n_val=80
2026-06-02 11:18:05,303  INFO        [stack] fold 4 | F1_macro=0.975  Kappa=0.950  AUC=0.999  n_val=80
2026-06-02 11:18:05,311  INFO        AGG: F1_macro=0.970±0.017  Kappa=0.940  AUC=0.990
2026-06-02 11:18:05,312  INFO      
Best base model by F1_macro: LGB  F1_macro=0.970
2026-06-02 11:18:05,312  INFO      
── Spatial-block CV (best=LGB, 0.05° ≈ 5 km blocks) ──
2026-06-02 11:18:06,974  INFO        spatial-block fold | F1_macro=0.811  Kappa=0.627  AUC=0.957  n_val=25
2026-06-02 11:18:07,290  INFO        spatial-block fold | F1_macro=0.189  Kappa=0.011  AUC=0.622  n_val=243
2026-06-02 11:18:09,058  INFO        spatial-block fold | F1_macro=0.471  Kappa=0.000  AUC=nan  n_val=9
2026-06-02 11:18:10,629  INFO        spatial-block fold | F1_macro=1.000  Kappa=nan  AUC=nan  n_val=44
2026-06-02 11:18:11,933  INFO        spatial-block fold | F1_macro=0.494  Kappa=0.000  AUC=nan  n_val=79
2026-06-02 11:18:11,934  INFO        AGG: F1_macro=0.593±0.283  Kappa=0.160  AUC=0.789
2026-06-02 11:18:11,934  INFO      
── Optuna tuning (50 trials) on LGB ──
2026-06-02 11:21:07,404  INFO        Optuna best macro-F1 = 0.9775
2026-06-02 11:21:07,404  INFO        Optuna best params  = {'n_estimators': 350, 'num_leaves': 98, 'learning_rate': 0.08190074298386178, 'subsample': 0.8803968857236573, 'colsample_bytree': 0.7959370624552552, 'min_child_samples': 2, 'reg_lambda': 0.7442276520922195}
2026-06-02 11:21:08,594  INFO      
Optimal threshold (Youden's J on OOF): 0.1932
2026-06-02 11:21:08,596  INFO      
Top-20 features by importance:
2026-06-02 11:21:08,596  INFO        si_GNDVI_skewness                                   +101.0000
2026-06-02 11:21:08,596  INFO        si_B12_skewness                                     +100.0000
2026-06-02 11:21:08,596  INFO        B2_t20                                              +88.0000
2026-06-02 11:21:08,596  INFO        B2_t13                                              +85.0000
2026-06-02 11:21:08,596  INFO        VH_t08                                              +69.0000
2026-06-02 11:21:08,597  INFO        B2_dry_mean                                         +69.0000
2026-06-02 11:21:08,597  INFO        CCCI_interannual_diff                               +63.0000
2026-06-02 11:21:08,597  INFO        VH_t07                                              +63.0000
2026-06-02 11:21:08,597  INFO        B2_t17                                              +62.0000
2026-06-02 11:21:08,597  INFO        B2_t15                                              +60.0000
2026-06-02 11:21:08,597  INFO        si_NDVI_skewness                                    +58.0000
2026-06-02 11:21:08,597  INFO        VV_t07                                              +58.0000
2026-06-02 11:21:08,597  INFO        NBR_interannual_stability                           +54.0000
2026-06-02 11:21:08,597  INFO        RVI_t02                                             +53.0000
2026-06-02 11:21:08,597  INFO        PSRI_t17                                            +51.0000
2026-06-02 11:21:08,598  INFO        B2_t14                                              +50.0000
2026-06-02 11:21:08,598  INFO        B2_monsoon_std                                      +46.0000
2026-06-02 11:21:08,598  INFO        LSWI_median                                         +45.0000
2026-06-02 11:21:08,598  INFO        B2_interannual_diff                                 +44.0000
2026-06-02 11:21:08,598  INFO        PSRI_p10                                            +44.0000
2026-06-02 11:21:08,617  INFO      Saved final model → models\saved\new_best.pkl
2026-06-02 11:21:08,625  INFO      Saved metrics    → models\saved\new_metrics.json
2026-06-02 11:21:08,641  INFO      Updated config.yaml → active_model=lgb, threshold=0.1932
2026-06-02 11:21:08,641  INFO      
TRAINING DONE.
2026-06-02 11:21:08,644  INFO      ================================================================
2026-06-02 11:21:08,644  INFO      PIPELINE DONE.
2026-06-02 11:21:08,645  INFO      ================================================================
